<?xml version="1.0" encoding="UTF-8"?>
<testng-results ignored="0" total="1" passed="1" failed="0" skipped="0">
  <reporter-output>
    <line>
      <![CDATA[Test Case Numbertc1started]]>
    </line>
    <line>
      <![CDATA[Test Case Numbertc1Executed]]>
    </line>
  </reporter-output>
  <suite started-at="2022-12-13T13:04:23 IST" name="Suite" finished-at="2022-12-13T13:04:48 IST" duration-ms="24561">
    <groups>
    </groups>
    <test started-at="2022-12-13T13:04:23 IST" name="Test" finished-at="2022-12-13T13:04:48 IST" duration-ms="24561">
      <class name="com.ExpData.TestCases.TestCase1">
        <test-method is-config="true" signature="openurl()[pri:0, instance:com.ExpData.TestCases.TestCase1@47d9a273]" started-at="2022-12-13T13:04:23 IST" name="openurl" finished-at="2022-12-13T13:04:34 IST" duration-ms="10856" status="PASS">
          <reporter-output>
          </reporter-output>
        </test-method> <!-- openurl -->
        <test-method is-config="true" signature="login()[pri:0, instance:com.ExpData.TestCases.TestCase1@47d9a273]" started-at="2022-12-13T13:04:34 IST" name="login" finished-at="2022-12-13T13:04:35 IST" duration-ms="559" status="PASS">
          <reporter-output>
          </reporter-output>
        </test-method> <!-- login -->
        <test-method signature="tc1()[pri:0, instance:com.ExpData.TestCases.TestCase1@47d9a273]" started-at="2022-12-13T13:04:35 IST" name="tc1" finished-at="2022-12-13T13:04:42 IST" duration-ms="7059" status="PASS">
          <reporter-output>
            <line>
              <![CDATA[Test Case Numbertc1started]]>
            </line>
            <line>
              <![CDATA[Test Case Numbertc1Executed]]>
            </line>
          </reporter-output>
        </test-method> <!-- tc1 -->
        <test-method is-config="true" signature="logout()[pri:0, instance:com.ExpData.TestCases.TestCase1@47d9a273]" started-at="2022-12-13T13:04:42 IST" name="logout" finished-at="2022-12-13T13:04:47 IST" duration-ms="5575" status="PASS">
          <reporter-output>
          </reporter-output>
        </test-method> <!-- logout -->
        <test-method is-config="true" signature="closebrowser()[pri:0, instance:com.ExpData.TestCases.TestCase1@47d9a273]" started-at="2022-12-13T13:04:47 IST" name="closebrowser" finished-at="2022-12-13T13:04:48 IST" duration-ms="439" status="PASS">
          <reporter-output>
          </reporter-output>
        </test-method> <!-- closebrowser -->
      </class> <!-- com.ExpData.TestCases.TestCase1 -->
    </test> <!-- Test -->
  </suite> <!-- Suite -->
</testng-results>
