<?xml version="1.0" encoding="UTF-8"?>
<testng-results ignored="0" total="1" passed="1" failed="0" skipped="0">
  <reporter-output>
    <line>
      <![CDATA[Test Case Numbertc1started]]>
    </line>
    <line>
      <![CDATA[Test Case Numbertc1Executed]]>
    </line>
  </reporter-output>
  <suite started-at="2022-12-12T19:06:18 IST" name="Suite" finished-at="2022-12-12T19:06:41 IST" duration-ms="22713">
    <groups>
    </groups>
    <test started-at="2022-12-12T19:06:18 IST" name="Test" finished-at="2022-12-12T19:06:41 IST" duration-ms="22713">
      <class name="com.ExpData.TestCases.TestCase1">
        <test-method is-config="true" signature="openurl()[pri:0, instance:com.ExpData.TestCases.TestCase1@5b03b9fe]" started-at="2022-12-12T19:06:18 IST" name="openurl" finished-at="2022-12-12T19:06:28 IST" duration-ms="9843" status="PASS">
          <reporter-output>
          </reporter-output>
        </test-method> <!-- openurl -->
        <test-method is-config="true" signature="login()[pri:0, instance:com.ExpData.TestCases.TestCase1@5b03b9fe]" started-at="2022-12-12T19:06:28 IST" name="login" finished-at="2022-12-12T19:06:29 IST" duration-ms="509" status="PASS">
          <reporter-output>
          </reporter-output>
        </test-method> <!-- login -->
        <test-method signature="tc1()[pri:0, instance:com.ExpData.TestCases.TestCase1@5b03b9fe]" started-at="2022-12-12T19:06:29 IST" name="tc1" finished-at="2022-12-12T19:06:35 IST" duration-ms="6223" status="PASS">
          <reporter-output>
            <line>
              <![CDATA[Test Case Numbertc1started]]>
            </line>
            <line>
              <![CDATA[Test Case Numbertc1Executed]]>
            </line>
          </reporter-output>
        </test-method> <!-- tc1 -->
        <test-method is-config="true" signature="logout()[pri:0, instance:com.ExpData.TestCases.TestCase1@5b03b9fe]" started-at="2022-12-12T19:06:35 IST" name="logout" finished-at="2022-12-12T19:06:41 IST" duration-ms="5532" status="PASS">
          <reporter-output>
          </reporter-output>
        </test-method> <!-- logout -->
        <test-method is-config="true" signature="closebrowser()[pri:0, instance:com.ExpData.TestCases.TestCase1@5b03b9fe]" started-at="2022-12-12T19:06:41 IST" name="closebrowser" finished-at="2022-12-12T19:06:41 IST" duration-ms="549" status="PASS">
          <reporter-output>
          </reporter-output>
        </test-method> <!-- closebrowser -->
      </class> <!-- com.ExpData.TestCases.TestCase1 -->
    </test> <!-- Test -->
  </suite> <!-- Suite -->
</testng-results>
